<component name="libraryTable">
  <library name="junit-dep-4.10">
    <CLASSES>
      <root url="jar://$PROJECT_DIR$/AndroidFree/src/libs/test/junit-dep-4.10.jar!/" />
    </CLASSES>
    <JAVADOC />
    <SOURCES />
  </library>
</component>